7-Aug-2009 1:35:09 PM null
INFO: Listening on port 3000
7-Aug-2009 1:35:09 PM javax.enterprise.system.tools.admin.org.glassfish.server
INFO: Admin Console Adapter: context root: /_____admingui
7-Aug-2009 1:35:09 PM null
INFO: The Admin Console Application is not yet installed.
7-Aug-2009 1:35:09 PM null
INFO: Admin Console Adapter: context root: /_____admingui
7-Aug-2009 1:35:09 PM javax.enterprise.system.tools.admin.org.glassfish.server
INFO: Admin Console Adapter: context root: /_____admingui
7-Aug-2009 1:35:09 PM javax.enterprise.system.tools.deployment.org.glassfish.deployment.common
WARNING: Error scan jar entrytmp/.glassfish/static-cache/gf/glassfish.jarerror in opening zip file
7-Aug-2009 1:35:09 PM javax.enterprise.system.core.com.sun.enterprise.v3.server
INFO: Loading application todolist at /
7-Aug-2009 1:35:09 PM com.sun.grizzly.jruby.RubyRuntime
INFO: Environment: development
7-Aug-2009 1:35:09 PM com.sun.grizzly.config.GrizzlyServiceListener
INFO: Jruby version is: 1.3.1
7-Aug-2009 1:35:09 PM com.sun.grizzly.config.GrizzlyServiceListener
INFO: Detected Rails application
7-Aug-2009 1:35:09 PM com.sun.grizzly.config.GrizzlyServiceListener
INFO: Rails not in thread-safe mode, starting in single-thread mode
7-Aug-2009 1:35:09 PM com.sun.grizzly.scripting.pool.DynamicPool
INFO: Pool started without dynamic resizing enabled. Pool will not attempt to determine the upper and lower bounds that it should be using, and will stay at 1
7-Aug-2009 1:35:09 PM  
INFO: Read to serve the request
7-Aug-2009 1:35:09 PM javax.enterprise.system.core.com.sun.enterprise.v3.server
INFO: GlassFish v3  startup time : Static(832ms) startup services(772ms) total(1604ms)
7-Aug-2009 1:35:12 PM null
INFO: Finished cache creation
7-Aug-2009 1:35:15 PM com.sun.grizzly.scripting.pool.DynamicPool
INFO: New instance created in 5,432 milliseconds
7-Aug-2009 1:35:16 PM com.sun.grizzly.config.GrizzlyServiceListener
INFO:   [4;36;1mSQL (0.0ms)[0m   [0;1mSET SQL_AUTO_IS_NULL=0[0m

7-Aug-2009 1:35:16 PM com.sun.grizzly.config.GrizzlyServiceListener
INFO: 

Processing TasksController#index (for  at 2009-08-07 13:35:16) [GET]

7-Aug-2009 1:35:16 PM com.sun.grizzly.config.GrizzlyServiceListener
INFO:   [4;35;1mTask Load (21.0ms)[0m   [0mSELECT * FROM `tasks` ORDER BY `order`[0m

7-Aug-2009 1:35:16 PM com.sun.grizzly.config.GrizzlyServiceListener
INFO: Rendering template within layouts/tasks

7-Aug-2009 1:35:16 PM com.sun.grizzly.config.GrizzlyServiceListener
INFO: Rendering tasks/index

7-Aug-2009 1:35:16 PM com.sun.grizzly.config.GrizzlyServiceListener
INFO: Rendered tasks/_task (90.0ms)

7-Aug-2009 1:35:16 PM com.sun.grizzly.config.GrizzlyServiceListener
INFO: Rendered tasks/_task (5.0ms)

7-Aug-2009 1:35:16 PM com.sun.grizzly.config.GrizzlyServiceListener
INFO: Rendered tasks/_task (8.0ms)

7-Aug-2009 1:35:16 PM com.sun.grizzly.config.GrizzlyServiceListener
INFO: Rendered tasks/_task (25.0ms)

7-Aug-2009 1:35:16 PM com.sun.grizzly.config.GrizzlyServiceListener
INFO: Completed in 226ms (View: 193, DB: 21) | 200 OK [http://localhost/]

7-Aug-2009 3:09:46 PM null
INFO: Listening on port 3000
7-Aug-2009 3:09:46 PM javax.enterprise.system.tools.admin.org.glassfish.server
INFO: Admin Console Adapter: context root: /_____admingui
7-Aug-2009 3:09:46 PM null
INFO: The Admin Console Application is not yet installed.
7-Aug-2009 3:09:46 PM null
INFO: Admin Console Adapter: context root: /_____admingui
7-Aug-2009 3:09:46 PM javax.enterprise.system.tools.admin.org.glassfish.server
INFO: Admin Console Adapter: context root: /_____admingui
7-Aug-2009 3:09:47 PM javax.enterprise.system.core.com.sun.enterprise.v3.server
INFO: Loading application todolist at /
7-Aug-2009 3:09:47 PM com.sun.grizzly.jruby.RubyRuntime
INFO: Environment: development
7-Aug-2009 3:09:47 PM com.sun.grizzly.config.GrizzlyServiceListener
INFO: Jruby version is: 1.3.1
7-Aug-2009 3:09:47 PM  
INFO: Read to serve the request
7-Aug-2009 3:09:47 PM com.sun.grizzly.config.GrizzlyServiceListener
INFO: Detected Rails application
7-Aug-2009 3:09:47 PM com.sun.grizzly.config.GrizzlyServiceListener
INFO: Rails not in thread-safe mode, starting in single-thread mode
7-Aug-2009 3:09:47 PM javax.enterprise.system.core.com.sun.enterprise.v3.server
INFO: GlassFish v3  startup time : Static(754ms) startup services(1106ms) total(1860ms)
7-Aug-2009 3:09:47 PM com.sun.grizzly.scripting.pool.DynamicPool
INFO: Pool started without dynamic resizing enabled. Pool will not attempt to determine the upper and lower bounds that it should be using, and will stay at 1
7-Aug-2009 3:09:52 PM com.sun.grizzly.scripting.pool.DynamicPool
INFO: New instance created in 5,369 milliseconds
7-Aug-2009 3:10:03 PM com.sun.grizzly.config.GrizzlyServiceListener
INFO:   [4;36;1mSQL (1.0ms)[0m   [0;1mSET SQL_AUTO_IS_NULL=0[0m

7-Aug-2009 3:10:03 PM com.sun.grizzly.config.GrizzlyServiceListener
INFO: 

Processing TasksController#index (for  at 2009-08-07 15:10:03) [GET]

7-Aug-2009 3:10:03 PM com.sun.grizzly.config.GrizzlyServiceListener
INFO:   [4;35;1mTask Load (9.0ms)[0m   [0mSELECT * FROM `tasks` ORDER BY `order`[0m

7-Aug-2009 3:10:03 PM com.sun.grizzly.config.GrizzlyServiceListener
INFO: Rendering template within layouts/tasks

7-Aug-2009 3:10:03 PM com.sun.grizzly.config.GrizzlyServiceListener
INFO: Rendering tasks/index

7-Aug-2009 3:10:03 PM com.sun.grizzly.config.GrizzlyServiceListener
INFO: Rendered tasks/_task (49.0ms)

7-Aug-2009 3:10:03 PM com.sun.grizzly.config.GrizzlyServiceListener
INFO: Rendered tasks/_task (6.0ms)

7-Aug-2009 3:10:03 PM com.sun.grizzly.config.GrizzlyServiceListener
INFO: Rendered tasks/_task (5.0ms)

7-Aug-2009 3:10:03 PM com.sun.grizzly.config.GrizzlyServiceListener
INFO: Rendered tasks/_task (26.0ms)

7-Aug-2009 3:10:03 PM com.sun.grizzly.config.GrizzlyServiceListener
INFO: Completed in 193ms (View: 170, DB: 10) | 200 OK [http://localhost/]

7-Aug-2009 3:10:11 PM com.sun.grizzly.config.GrizzlyServiceListener
INFO:   [4;36;1mSQL (1.0ms)[0m   [0;1mSET SQL_AUTO_IS_NULL=0[0m

7-Aug-2009 3:10:11 PM com.sun.grizzly.config.GrizzlyServiceListener
INFO: 

Processing TasksController#edit (for  at 2009-08-07 15:10:11) [GET]

7-Aug-2009 3:10:11 PM com.sun.grizzly.config.GrizzlyServiceListener
INFO:   Parameters: {"id"=>"4"}

7-Aug-2009 3:10:11 PM com.sun.grizzly.config.GrizzlyServiceListener
INFO:   [4;35;1mTask Load (2.0ms)[0m   [0mSELECT * FROM `tasks` WHERE (`tasks`.`id` = 4) [0m

7-Aug-2009 3:10:11 PM com.sun.grizzly.config.GrizzlyServiceListener
INFO: Rendering template within layouts/tasks

7-Aug-2009 3:10:11 PM com.sun.grizzly.config.GrizzlyServiceListener
INFO: Rendering tasks/edit

7-Aug-2009 3:10:11 PM com.sun.grizzly.config.GrizzlyServiceListener
INFO: Completed in 90ms (View: 51, DB: 3) | 200 OK [http://localhost/tasks/4/edit]

7-Aug-2009 3:10:16 PM com.sun.grizzly.config.GrizzlyServiceListener
INFO:   [4;36;1mSQL (0.0ms)[0m   [0;1mSET SQL_AUTO_IS_NULL=0[0m

7-Aug-2009 3:10:16 PM com.sun.grizzly.config.GrizzlyServiceListener
INFO: 

Processing TasksController#update (for  at 2009-08-07 15:10:16) [PUT]

7-Aug-2009 3:10:16 PM com.sun.grizzly.config.GrizzlyServiceListener
INFO:   Parameters: {"authenticity_token"=>"C1KBq8+bfU7/PwSL1erDgIlcdJeJuNHpFwIWBLHGUWE=", "task"=>{"title"=>"A fourth task!"}, "commit"=>"Update", "id"=>"4"}

7-Aug-2009 3:10:16 PM com.sun.grizzly.config.GrizzlyServiceListener
INFO:   [4;35;1mTask Load (2.0ms)[0m   [0mSELECT * FROM `tasks` WHERE (`tasks`.`id` = 4) [0m

7-Aug-2009 3:10:16 PM com.sun.grizzly.config.GrizzlyServiceListener
INFO:   [4;36;1mTask Update (5.0ms)[0m   [0;1mUPDATE `tasks` SET `title` = 'A fourth task!', `updated_at` = '2009-08-07 19:10:16' WHERE `id` = 4[0m

7-Aug-2009 3:10:16 PM com.sun.grizzly.config.GrizzlyServiceListener
INFO: Redirected to http://localhost:3000/tasks

7-Aug-2009 3:10:16 PM com.sun.grizzly.config.GrizzlyServiceListener
INFO: Completed in 133ms (DB: 7) | 302 Found [http://localhost/tasks/4]

7-Aug-2009 3:10:16 PM com.sun.grizzly.config.GrizzlyServiceListener
INFO:   [4;35;1mSQL (0.0ms)[0m   [0mSET SQL_AUTO_IS_NULL=0[0m

7-Aug-2009 3:10:16 PM com.sun.grizzly.config.GrizzlyServiceListener
INFO: 

Processing TasksController#index (for  at 2009-08-07 15:10:16) [GET]

7-Aug-2009 3:10:16 PM com.sun.grizzly.config.GrizzlyServiceListener
INFO:   [4;36;1mTask Load (2.0ms)[0m   [0;1mSELECT * FROM `tasks` ORDER BY `order`[0m

7-Aug-2009 3:10:16 PM com.sun.grizzly.config.GrizzlyServiceListener
INFO: Rendering template within layouts/tasks

7-Aug-2009 3:10:16 PM com.sun.grizzly.config.GrizzlyServiceListener
INFO: Rendering tasks/index

7-Aug-2009 3:10:16 PM com.sun.grizzly.config.GrizzlyServiceListener
INFO: Rendered tasks/_task (42.0ms)

7-Aug-2009 3:10:16 PM com.sun.grizzly.config.GrizzlyServiceListener
INFO: Rendered tasks/_task (19.0ms)

7-Aug-2009 3:10:16 PM com.sun.grizzly.config.GrizzlyServiceListener
INFO: Rendered tasks/_task (4.0ms)

7-Aug-2009 3:10:16 PM com.sun.grizzly.config.GrizzlyServiceListener
INFO: Rendered tasks/_task (10.0ms)

7-Aug-2009 3:10:16 PM com.sun.grizzly.config.GrizzlyServiceListener
INFO: Completed in 141ms (View: 104, DB: 2) | 200 OK [http://localhost/tasks]

